This is XeTeX, Version 3.14159265-2.6-0.999991 (TeX Live 2019) (preloaded format=xetex 2020.2.25)  25 FEB 2020 18:20
entering extended mode
 restricted \write18 enabled.
 file:line:error style messages enabled.
 %&-line parsing enabled.
**Untitled.tex
(./Untitled.tex
./Untitled.tex:1: Undefined control sequence.
l.1 \PassOptionsToPackage
                         {unicode=true}{hyperref} % options for packages loa...

? [s]
Type <return> to proceed, S to scroll future error messages,
R to run without stopping, Q to run quietly,
I to insert something, E to edit your file,
1 or ... or 9 to ignore the next 1 to 9 tokens of input,
H for help, X to quit.
? 
./Untitled.tex:1: Emergency stop.
l.1 \PassOptionsToPackage
                         {unicode=true}{hyperref} % options for packages loa...
End of file on the terminal!

No pages of output.
